<?xml version="1.0" encoding="UTF-8"?>
<!-- Generated by org.testng.reporters.JUnitReportReporter -->
<testsuite hostname="Anikets-MacBook-Air.local" failures="0" tests="1" name="example.NewTest" time="8.673" errors="0" timestamp="2020-05-26T17:30:25 IST" skipped="0">
  <testcase classname="example.NewTest" name="testEsay" time="8.673"/>
  <system-out/>
</testsuite> <!-- example.NewTest -->
